<?xml version="1.0" encoding="UTF-8"?>
<!-- Generated by org.testng.reporters.JUnitXMLReporter -->
<testsuite hostname="Admin" name="FirefoxTest" tests="6" failures="6" timestamp="5 Sep 2016 06:00:29 GMT" time="18.519" errors="0">
  <testcase name="valid" time="0.024" classname="testscripts.Book_search">
    <failure type="java.lang.NullPointerException">
      <![CDATA[java.lang.NullPointerException
	at PageFactory.PageFactory_Search.search_book(PageFactory_Search.java:40)
	at testscripts.Book_search.valid(Book_search.java:39)
... Removed 24 stack frames]]>
    </failure>
  </testcase> <!-- valid -->
  <testcase name="valid" time="0.006" classname="testscripts.Book_search">
    <failure type="java.lang.NullPointerException">
      <![CDATA[java.lang.NullPointerException
	at PageFactory.PageFactory_Search.search_book(PageFactory_Search.java:40)
	at testscripts.Book_search.valid(Book_search.java:39)
... Removed 24 stack frames]]>
    </failure>
  </testcase> <!-- valid -->
  <testcase name="valid" time="0.002" classname="testscripts.Book_search">
    <failure type="java.lang.NullPointerException">
      <![CDATA[java.lang.NullPointerException
	at PageFactory.PageFactory_Search.search_book(PageFactory_Search.java:40)
	at testscripts.Book_search.valid(Book_search.java:39)
... Removed 24 stack frames]]>
    </failure>
  </testcase> <!-- valid -->
  <testcase name="valid" time="0.002" classname="testscripts.Book_search">
    <failure type="java.lang.NullPointerException">
      <![CDATA[java.lang.NullPointerException
	at PageFactory.PageFactory_Search.search_book(PageFactory_Search.java:40)
	at testscripts.Book_search.valid(Book_search.java:39)
... Removed 24 stack frames]]>
    </failure>
  </testcase> <!-- valid -->
  <testcase name="valid" time="0.001" classname="testscripts.Book_search">
    <failure type="java.lang.NullPointerException">
      <![CDATA[java.lang.NullPointerException
	at PageFactory.PageFactory_Search.search_book(PageFactory_Search.java:40)
	at testscripts.Book_search.valid(Book_search.java:39)
... Removed 24 stack frames]]>
    </failure>
  </testcase> <!-- valid -->
  <testcase name="valid" time="0.001" classname="testscripts.Book_search">
    <failure type="java.lang.NullPointerException">
      <![CDATA[java.lang.NullPointerException
	at PageFactory.PageFactory_Search.search_book(PageFactory_Search.java:40)
	at testscripts.Book_search.valid(Book_search.java:39)
... Removed 24 stack frames]]>
    </failure>
  </testcase> <!-- valid -->
</testsuite> <!-- FirefoxTest -->
