<?xml version="1.0" encoding="UTF-8"?>
<!-- Generated by org.testng.reporters.JUnitXMLReporter -->
<testsuite hostname="Admin" name="Test" tests="6" failures="0" timestamp="25 Jun 2016 16:22:38 GMT" time="55.817" errors="0">
  <testcase name="valid" time="6.632" classname="testscripts.Book_search"/>
  <testcase name="valid" time="7.966" classname="testscripts.Book_search"/>
  <testcase name="valid" time="6.61" classname="testscripts.Book_search"/>
  <testcase name="valid" time="6.444" classname="testscripts.Book_search"/>
  <testcase name="valid" time="9.262" classname="testscripts.Book_search"/>
  <testcase name="valid" time="9.923" classname="testscripts.Book_search"/>
</testsuite> <!-- Test -->
